<?xml version="1.0" encoding="UTF-8" ?>
<testsuite tests="4" failures="0" name="AcceptanceTests.Service.LogInAcceptanceTest" time="0" errors="0" skipped="0">
  <properties>
[...]
</properties>
  <testcase classname="AcceptanceTests.Service.LogInAcceptanceTest" name="logInWrongUserName" time="0"/>
  <testcase classname="AcceptanceTests.Service.LogInAcceptanceTest" name="logInWrongUserType" time="0"/>
  <testcase classname="AcceptanceTests.Service.LogInAcceptanceTest" name="logInWrongPassword" time="0"/>
  <testcase classname="AcceptanceTests.Service.LogInAcceptanceTest" name="logInSuccessful" time="0"/>
</testsuite>